D:\SCHOOL\WIN\ASS2\CALC_BASE\CALC_BASE\DEBUG\CALC.OBJ
D:\SCHOOL\WIN\ASS2\CALC_BASE\CALC_BASE\DEBUG\CALC_BASE.EXE.EMBED.MANIFEST
D:\SCHOOL\WIN\ASS2\CALC_BASE\CALC_BASE\DEBUG\CALC_BASE.EXE.EMBED.MANIFEST.RES
D:\SCHOOL\WIN\ASS2\CALC_BASE\CALC_BASE\DEBUG\CALC_BASE.EXE.INTERMEDIATE.MANIFEST
D:\school\win\ass2\calc_base\calc_base\Debug\calc_base_manifest.rc
D:\school\win\ass2\calc_base\calc_base\Debug\cl.command.1.tlog
D:\school\win\ass2\calc_base\calc_base\Debug\CL.read.1.tlog
D:\school\win\ass2\calc_base\calc_base\Debug\CL.write.1.tlog
D:\school\win\ass2\calc_base\calc_base\Debug\link.1572.read.1.tlog
D:\school\win\ass2\calc_base\calc_base\Debug\link.1572.write.1.tlog
D:\school\win\ass2\calc_base\calc_base\Debug\link.1572-cvtres.read.1.tlog
D:\school\win\ass2\calc_base\calc_base\Debug\link.1572-cvtres.write.1.tlog
D:\school\win\ass2\calc_base\calc_base\Debug\link.260.read.1.tlog
D:\school\win\ass2\calc_base\calc_base\Debug\link.260.write.1.tlog
D:\school\win\ass2\calc_base\calc_base\Debug\link.260-cvtres.read.1.tlog
D:\school\win\ass2\calc_base\calc_base\Debug\link.260-cvtres.write.1.tlog
D:\school\win\ass2\calc_base\calc_base\Debug\link.3004.read.1.tlog
D:\school\win\ass2\calc_base\calc_base\Debug\link.3004.write.1.tlog
D:\school\win\ass2\calc_base\calc_base\Debug\link.3004-cvtres.read.1.tlog
D:\school\win\ass2\calc_base\calc_base\Debug\link.3004-cvtres.write.1.tlog
D:\school\win\ass2\calc_base\calc_base\Debug\link.3736.read.1.tlog
D:\school\win\ass2\calc_base\calc_base\Debug\link.3736.write.1.tlog
D:\school\win\ass2\calc_base\calc_base\Debug\link.3736-cvtres.read.1.tlog
D:\school\win\ass2\calc_base\calc_base\Debug\link.3736-cvtres.write.1.tlog
D:\school\win\ass2\calc_base\calc_base\Debug\link.4016.read.1.tlog
D:\school\win\ass2\calc_base\calc_base\Debug\link.4016.write.1.tlog
D:\school\win\ass2\calc_base\calc_base\Debug\link.4016-cvtres.read.1.tlog
D:\school\win\ass2\calc_base\calc_base\Debug\link.4016-cvtres.write.1.tlog
D:\school\win\ass2\calc_base\calc_base\Debug\link.4492.read.1.tlog
D:\school\win\ass2\calc_base\calc_base\Debug\link.4492.write.1.tlog
D:\school\win\ass2\calc_base\calc_base\Debug\link.4492-cvtres.read.1.tlog
D:\school\win\ass2\calc_base\calc_base\Debug\link.4492-cvtres.write.1.tlog
D:\school\win\ass2\calc_base\calc_base\Debug\link.command.1.tlog
D:\school\win\ass2\calc_base\calc_base\Debug\link.read.1.tlog
D:\school\win\ass2\calc_base\calc_base\Debug\link.write.1.tlog
D:\school\win\ass2\calc_base\calc_base\Debug\link-cvtres.read.1.tlog
D:\school\win\ass2\calc_base\calc_base\Debug\link-cvtres.write.1.tlog
D:\SCHOOL\WIN\ASS2\CALC_BASE\CALC_BASE\DEBUG\MAIN.OBJ
D:\school\win\ass2\calc_base\calc_base\Debug\mt.command.1.tlog
D:\school\win\ass2\calc_base\calc_base\Debug\mt.read.1.tlog
D:\school\win\ass2\calc_base\calc_base\Debug\mt.write.1.tlog
D:\school\win\ass2\calc_base\calc_base\Debug\rc.command.1.tlog
D:\school\win\ass2\calc_base\calc_base\Debug\rc.read.1.tlog
D:\school\win\ass2\calc_base\calc_base\Debug\rc.write.1.tlog
D:\SCHOOL\WIN\ASS2\CALC_BASE\CALC_BASE\DEBUG\TOKEN.OBJ
D:\school\win\ass2\calc_base\calc_base\Debug\vc100.idb
D:\SCHOOL\WIN\ASS2\CALC_BASE\CALC_BASE\DEBUG\VC100.PDB
D:\SCHOOL\WIN\ASS2\CALC_BASE\DEBUG\CALC_BASE.EXE
D:\SCHOOL\WIN\ASS2\CALC_BASE\DEBUG\CALC_BASE.ILK
D:\SCHOOL\WIN\ASS2\CALC_BASE\DEBUG\CALC_BASE.PDB
